

> web@0.1.0 build
> next build

[1G[0K   [1m[38;2;173;127;168m▲ Next.js 16.0.10[39m[22m (Turbopack)

 [37m[1m [22m[39m Creating an optimized production build ...
Error: Cannot apply unknown utility class `font-sans`. Are you using CSS modules or similar and missing `@reference`? https://tailwindcss.com/docs/functions-and-directives#reference-directive
    [2m[at onInvalidCandidate (/Users/omerheathrow/Sidra-Ai/node_modules/[4mtailwindcss[24m/dist/lib.js:21:1314)][0m
    [2m[at Te (/Users/omerheathrow/Sidra-Ai/node_modules/[4mtailwindcss[24m/dist/lib.js:16:36652)][0m
    [2m[at /Users/omerheathrow/Sidra-Ai/node_modules/[4mtailwindcss[24m/dist/lib.js:21:355][0m
    [2m[at Rr (/Users/omerheathrow/Sidra-Ai/node_modules/[4mtailwindcss[24m/dist/lib.js:3:1718)][0m
    [2m[at _ (/Users/omerheathrow/Sidra-Ai/node_modules/[4mtailwindcss[24m/dist/lib.js:3:1377)][0m
    [2m[at $e (/Users/omerheathrow/Sidra-Ai/node_modules/[4mtailwindcss[24m/dist/lib.js:21:172)][0m
    [2m[at un (/Users/omerheathrow/Sidra-Ai/node_modules/[4mtailwindcss[24m/dist/lib.js:38:294)][0m
[90m    at process.processTicksAndRejections (node:internal/process/task_queues:105:5)[39m
    [2m[at async cn (/Users/omerheathrow/Sidra-Ai/node_modules/[4mtailwindcss[24m/dist/lib.js:38:631)][0m
    [2m[at async Xr (/Users/omerheathrow/Sidra-Ai/node_modules/[4m@tailwindcss[24m/node/dist/index.js:10:3417)][0m

> Build error occurred
Error: Turbopack build failed with 1 errors:
./apps/web/src/app/globals.css
Error evaluating Node.js code
CssSyntaxError: tailwindcss: /Users/omerheathrow/Sidra-Ai/apps/web/src/app/globals.css:1:1: Cannot apply unknown utility class `font-sans`. Are you using CSS modules or similar and missing `@reference`? https://tailwindcss.com/docs/functions-and-directives#reference-directive
    at Input.error (node_modules/postcss/lib/input.js:135:16) [/Users/omerheathrow/Sidra-Ai/apps/web/.next/build/chunks/node_modules_fe693df6._.js:4651:22]
    at Root.error (node_modules/postcss/lib/node.js:146:32) [/Users/omerheathrow/Sidra-Ai/apps/web/.next/build/chunks/node_modules_fe693df6._.js:928:38]
    [at Object.Once (/Users/omerheathrow/Sidra-Ai/node_modules/@tailwindcss/postcss/dist/index.js:10:6911)]
    [at process.processTicksAndRejections (node:internal/process/task_queues:105:5)]
    at async LazyResult.runAsync (node_modules/postcss/lib/lazy-result.js:293:11) [/Users/omerheathrow/Sidra-Ai/apps/web/.next/build/chunks/node_modules_fe693df6._.js:6206:21]
    at async transform (turbopack:///[turbopack-node]/transforms/postcss.ts:70:34) [/Users/omerheathrow/Sidra-Ai/apps/web/.next/build/chunks/[root-of-the-server]__4a07fad2._.js:146:36]
    at async run (turbopack:///[turbopack-node]/ipc/evaluate.ts:92:23) [/Users/omerheathrow/Sidra-Ai/apps/web/.next/build/chunks/[root-of-the-server]__623ed9a7._.js:443:31]

Import trace:
  Client Component Browser:
    ./apps/web/src/app/globals.css [Client Component Browser]
    ./apps/web/src/app/layout.tsx [Server Component]


    at async transform (turbopack:///[turbopack-node]/transforms/postcss.ts:70:34) [[90m/Users/omerheathrow/Sidra-Ai/apps/web/[39m.next/build/chunks/[root-of-the-server]__4a07fad2._.js:146:36])
    at async run (turbopack:///[turbopack-node]/ipc/evaluate.ts:92:23) [[90m/Users/omerheathrow/Sidra-Ai/apps/web/[39m.next/build/chunks/[root-of-the-server]__623ed9a7._.js:443:31])
[1G[0K⠙[1G[0K[1mnpm[22m [31merror[39m Lifecycle script `build` failed with error:
[1G[0K⠙[1G[0K[1mnpm[22m [31merror[39m [94mcode[39m [33m1[39m
[1G[0K⠙[1G[0K[1mnpm[22m [31merror[39m [94mpath[39m /Users/omerheathrow/Sidra-Ai/apps/web
[1G[0K⠙[1G[0K[1mnpm[22m [31merror[39m [94mworkspace[39m web@0.1.0
[1G[0K⠙[1G[0K[1mnpm[22m [31merror[39m [94mlocation[39m /Users/omerheathrow/Sidra-Ai/apps/web
[1G[0K⠙[1G[0K[1mnpm[22m [31merror[39m command failed
[1G[0K⠙[1G[0K[1mnpm[22m [31merror[39m [94mcommand[39m sh -c next build
[1G[0K⠙[1G[0K
